<?xml version="1.0" encoding="UTF-8"?>
<testng-results ignored="0" total="4" passed="4" failed="0" skipped="0">
  <reporter-output>
  </reporter-output>
  <suite started-at="2021-06-19T11:15:06 EDT" name="Suite" finished-at="2021-06-19T11:16:13 EDT" duration-ms="67207">
    <groups>
    </groups>
    <test started-at="2021-06-19T11:15:06 EDT" name="ChromeTest" finished-at="2021-06-19T11:15:36 EDT" duration-ms="30231">
      <class name="com.test.classes1.Acti_TNG">
        <test-method is-config="true" signature="launchBrowser(java.lang.String)[pri:0, instance:com.test.classes1.Acti_TNG@39529185]" started-at="2021-06-19T11:15:06 EDT" name="launchBrowser" finished-at="2021-06-19T11:15:09 EDT" duration-ms="3871" status="PASS">
          <params>
            <param index="0">
              <value>
                <![CDATA[Chrome]]>
              </value>
            </param>
          </params>
          <reporter-output>
          </reporter-output>
        </test-method> <!-- launchBrowser -->
        <test-method is-config="true" signature="beforemethod()[pri:0, instance:com.test.classes1.Acti_TNG@39529185]" started-at="2021-06-19T11:15:09 EDT" name="beforemethod" finished-at="2021-06-19T11:15:15 EDT" duration-ms="5072" status="PASS">
          <reporter-output>
          </reporter-output>
        </test-method> <!-- beforemethod -->
        <test-method signature="test1()[pri:0, instance:com.test.classes1.Acti_TNG@39529185]" started-at="2021-06-19T11:15:15 EDT" name="test1" finished-at="2021-06-19T11:15:19 EDT" duration-ms="4112" status="PASS">
          <reporter-output>
          </reporter-output>
        </test-method> <!-- test1 -->
        <test-method is-config="true" signature="aftermethod()[pri:0, instance:com.test.classes1.Acti_TNG@39529185]" started-at="2021-06-19T11:15:19 EDT" name="aftermethod" finished-at="2021-06-19T11:15:22 EDT" duration-ms="3304" status="PASS">
          <reporter-output>
          </reporter-output>
        </test-method> <!-- aftermethod -->
        <test-method is-config="true" signature="beforemethod()[pri:0, instance:com.test.classes1.Acti_TNG@39529185]" started-at="2021-06-19T11:15:22 EDT" name="beforemethod" finished-at="2021-06-19T11:15:25 EDT" duration-ms="3548" status="PASS">
          <reporter-output>
          </reporter-output>
        </test-method> <!-- beforemethod -->
        <test-method signature="test2()[pri:0, instance:com.test.classes1.Acti_TNG@39529185]" started-at="2021-06-19T11:15:25 EDT" name="test2" finished-at="2021-06-19T11:15:29 EDT" duration-ms="3605" status="PASS">
          <reporter-output>
          </reporter-output>
        </test-method> <!-- test2 -->
        <test-method is-config="true" signature="aftermethod()[pri:0, instance:com.test.classes1.Acti_TNG@39529185]" started-at="2021-06-19T11:15:29 EDT" name="aftermethod" finished-at="2021-06-19T11:15:32 EDT" duration-ms="3312" status="PASS">
          <reporter-output>
          </reporter-output>
        </test-method> <!-- aftermethod -->
        <test-method is-config="true" signature="afterclass()[pri:0, instance:com.test.classes1.Acti_TNG@39529185]" started-at="2021-06-19T11:15:32 EDT" name="afterclass" finished-at="2021-06-19T11:15:36 EDT" duration-ms="3317" status="PASS">
          <reporter-output>
          </reporter-output>
        </test-method> <!-- afterclass -->
      </class> <!-- com.test.classes1.Acti_TNG -->
    </test> <!-- ChromeTest -->
    <test started-at="2021-06-19T11:15:36 EDT" name="FireFoxTest" finished-at="2021-06-19T11:16:13 EDT" duration-ms="36908">
      <class name="com.test.classes1.Acti_TNG">
        <test-method is-config="true" signature="launchBrowser(java.lang.String)[pri:0, instance:com.test.classes1.Acti_TNG@47af7f3d]" started-at="2021-06-19T11:15:36 EDT" name="launchBrowser" finished-at="2021-06-19T11:15:43 EDT" duration-ms="7146" status="PASS">
          <params>
            <param index="0">
              <value>
                <![CDATA[FireFox]]>
              </value>
            </param>
          </params>
          <reporter-output>
          </reporter-output>
        </test-method> <!-- launchBrowser -->
        <test-method is-config="true" signature="beforemethod()[pri:0, instance:com.test.classes1.Acti_TNG@47af7f3d]" started-at="2021-06-19T11:15:43 EDT" name="beforemethod" finished-at="2021-06-19T11:15:49 EDT" duration-ms="5932" status="PASS">
          <reporter-output>
          </reporter-output>
        </test-method> <!-- beforemethod -->
        <test-method signature="test1()[pri:0, instance:com.test.classes1.Acti_TNG@47af7f3d]" started-at="2021-06-19T11:15:49 EDT" name="test1" finished-at="2021-06-19T11:15:53 EDT" duration-ms="4018" status="PASS">
          <reporter-output>
          </reporter-output>
        </test-method> <!-- test1 -->
        <test-method is-config="true" signature="aftermethod()[pri:0, instance:com.test.classes1.Acti_TNG@47af7f3d]" started-at="2021-06-19T11:15:53 EDT" name="aftermethod" finished-at="2021-06-19T11:15:56 EDT" duration-ms="3270" status="PASS">
          <reporter-output>
          </reporter-output>
        </test-method> <!-- aftermethod -->
        <test-method is-config="true" signature="beforemethod()[pri:0, instance:com.test.classes1.Acti_TNG@47af7f3d]" started-at="2021-06-19T11:15:56 EDT" name="beforemethod" finished-at="2021-06-19T11:16:01 EDT" duration-ms="4364" status="PASS">
          <reporter-output>
          </reporter-output>
        </test-method> <!-- beforemethod -->
        <test-method signature="test2()[pri:0, instance:com.test.classes1.Acti_TNG@47af7f3d]" started-at="2021-06-19T11:16:01 EDT" name="test2" finished-at="2021-06-19T11:16:04 EDT" duration-ms="3783" status="PASS">
          <reporter-output>
          </reporter-output>
        </test-method> <!-- test2 -->
        <test-method is-config="true" signature="aftermethod()[pri:0, instance:com.test.classes1.Acti_TNG@47af7f3d]" started-at="2021-06-19T11:16:04 EDT" name="aftermethod" finished-at="2021-06-19T11:16:08 EDT" duration-ms="3448" status="PASS">
          <reporter-output>
          </reporter-output>
        </test-method> <!-- aftermethod -->
        <test-method is-config="true" signature="afterclass()[pri:0, instance:com.test.classes1.Acti_TNG@47af7f3d]" started-at="2021-06-19T11:16:08 EDT" name="afterclass" finished-at="2021-06-19T11:16:13 EDT" duration-ms="4935" status="PASS">
          <reporter-output>
          </reporter-output>
        </test-method> <!-- afterclass -->
      </class> <!-- com.test.classes1.Acti_TNG -->
    </test> <!-- FireFoxTest -->
  </suite> <!-- Suite -->
</testng-results>
