<?xml version="1.0" encoding="UTF-8"?>
<!-- Generated by org.testng.reporters.JUnitXMLReporter -->
<testsuite ignored="0" hostname="SWITY" failures="0" tests="3" name="Test" time="62.837" errors="0" timestamp="2021-06-08T04:32:02 GMT-04:00">
  <testcase classname="com.test.classes.Testclass_TP" name="verifySearchBox" time="18.693"/>
  <testcase classname="com.test.classes.Testclass_2" name="verifyFacewashPage" time="14.061"/>
  <testcase classname="com.test.classes.Test3" name="verifyAddtoCart" time="18.601"/>
</testsuite> <!-- Test -->
