<?xml version="1.0" encoding="UTF-8"?>
<!-- Generated by org.testng.reporters.JUnitXMLReporter -->
<testsuite ignored="0" hostname="SWITY" failures="0" tests="2" name="Test" time="0.125" errors="0" timestamp="2021-06-19T11:01:25 GMT-04:00">
  <testcase classname="com.test.classes1.Acti_TNG" name="@BeforeTest launchBrowser" time="-1.624114885007E9">
    <failure type="org.testng.TestNGException" message="
Parameter &amp;apos;browser&amp;apos; is required by BeforeTest on method launchBrowser but has not been marked @Optional or defined
in C:\Users\swity\eclipse-workspace\Actitime\testng.xml">
      <![CDATA[org.testng.TestNGException: 
Parameter 'browser' is required by BeforeTest on method launchBrowser but has not been marked @Optional or defined
in C:\Users\swity\eclipse-workspace\Actitime\testng.xml
... Removed 21 stack frames]]>
    </failure>
  </testcase> <!-- @BeforeTest launchBrowser -->
  <testcase classname="com.test.classes1.Acti_TNG" name="@BeforeMethod beforemethod" time="-1.62411488508E9">
    <skipped/>
  </testcase> <!-- @BeforeMethod beforemethod -->
  <testcase classname="com.test.classes1.Acti_TNG" name="@AfterMethod aftermethod" time="-1.6241148851E9">
    <skipped/>
  </testcase> <!-- @AfterMethod aftermethod -->
  <testcase classname="com.test.classes1.Acti_TNG" name="@BeforeMethod beforemethod" time="-1.624114885106E9">
    <skipped/>
  </testcase> <!-- @BeforeMethod beforemethod -->
  <testcase classname="com.test.classes1.Acti_TNG" name="@AfterMethod aftermethod" time="-1.624114885115E9">
    <skipped/>
  </testcase> <!-- @AfterMethod aftermethod -->
  <testcase classname="com.test.classes1.Acti_TNG" name="@AfterClass afterclass" time="-1.624114885119E9">
    <skipped/>
  </testcase> <!-- @AfterClass afterclass -->
  <testcase classname="com.test.classes1.Acti_TNG" name="test1" time="0.0">
    <skipped/>
  </testcase> <!-- test1 -->
  <testcase classname="com.test.classes1.Acti_TNG" name="test2" time="0.0">
    <skipped/>
  </testcase> <!-- test2 -->
</testsuite> <!-- Test -->
